<?xml version="1.0" encoding="utf-8" standalone="no"?>
<!--This file represents the results of running a test suite-->
<test-results name="C:\Documents and Settings\Owner\Desktop\IterativeTestExtension-2.4.8\IterativeTestExtension\NUnitExtension.IterativeTest.Sample\Bin\Debug\NUnitExtension.IterativeTest.Sample.dll" total="49" failures="0" not-run="0" date="2009-04-27" time="13:10:15">
  <environment nunit-version="2.4.8.0" clr-version="2.0.50727.1820" os-version="Microsoft Windows NT 5.1.2600 Service Pack 3" platform="Win32NT" cwd="C:\Documents and Settings\Owner\Desktop\IterativeTestExtension-2.4.8\IterativeTestExtension\NUnitExtension.IterativeTest.Sample\Bin\Debug" machine-name="D2MDSNH1" user="Owner" user-domain="D2MDSNH1" />
  <culture-info current-culture="en-US" current-uiculture="en-US" />
  <test-suite name="C:\Documents and Settings\Owner\Desktop\IterativeTestExtension-2.4.8\IterativeTestExtension\NUnitExtension.IterativeTest.Sample\Bin\Debug\NUnitExtension.IterativeTest.Sample.dll" success="True" time="0.109" asserts="0">
    <results>
      <test-suite name="NUnitExtension" success="True" time="0.109" asserts="0">
        <results>
          <test-suite name="IterativeTest" success="True" time="0.094" asserts="0">
            <results>
              <test-suite name="Sample" success="True" time="0.094" asserts="0">
                <results>
                  <test-suite name="IterativeTestSample" success="True" time="0.078" asserts="0">
                    <results>
                      <test-suite name="FileNameTest" success="True" time="0.016" asserts="0">
                        <results>
                          <test-case name="NUnitExtension.IterativeTest.Sample.IterativeTestSample.FileNameTest(C:\test\test1.xml)" executed="True" success="True" time="0.000" asserts="1" />
                          <test-case name="NUnitExtension.IterativeTest.Sample.IterativeTestSample.FileNameTest(C:\test\test2.xml)" executed="True" success="True" time="0.016" asserts="1" />
                          <test-case name="NUnitExtension.IterativeTest.Sample.IterativeTestSample.FileNameTest(C:\test\test3.xml)" executed="True" success="True" time="0.000" asserts="1" />
                        </results>
                      </test-suite>
                      <test-suite name="FileNameTest2" success="True" time="0.016" asserts="0">
                        <results>
                          <test-case name="NUnitExtension.IterativeTest.Sample.IterativeTestSample.FileNameTest2(C:\test\test1.xml, 1)" executed="True" success="True" time="0.000" asserts="2" />
                          <test-case name="NUnitExtension.IterativeTest.Sample.IterativeTestSample.FileNameTest2(C:\test\test1.xml, 2)" executed="True" success="True" time="0.000" asserts="2" />
                          <test-case name="NUnitExtension.IterativeTest.Sample.IterativeTestSample.FileNameTest2(C:\test\test1.xml, 3)" executed="True" success="True" time="0.000" asserts="2" />
                          <test-case name="NUnitExtension.IterativeTest.Sample.IterativeTestSample.FileNameTest2(C:\test\test1.xml, 4)" executed="True" success="True" time="0.000" asserts="2" />
                          <test-case name="NUnitExtension.IterativeTest.Sample.IterativeTestSample.FileNameTest2(C:\test\test1.xml, 5)" executed="True" success="True" time="0.000" asserts="2" />
                          <test-case name="NUnitExtension.IterativeTest.Sample.IterativeTestSample.FileNameTest2(C:\test\test2.xml, 1)" executed="True" success="True" time="0.000" asserts="2" />
                          <test-case name="NUnitExtension.IterativeTest.Sample.IterativeTestSample.FileNameTest2(C:\test\test2.xml, 2)" executed="True" success="True" time="0.000" asserts="2" />
                          <test-case name="NUnitExtension.IterativeTest.Sample.IterativeTestSample.FileNameTest2(C:\test\test2.xml, 3)" executed="True" success="True" time="0.000" asserts="2" />
                          <test-case name="NUnitExtension.IterativeTest.Sample.IterativeTestSample.FileNameTest2(C:\test\test2.xml, 4)" executed="True" success="True" time="0.000" asserts="2" />
                          <test-case name="NUnitExtension.IterativeTest.Sample.IterativeTestSample.FileNameTest2(C:\test\test2.xml, 5)" executed="True" success="True" time="0.000" asserts="2" />
                          <test-case name="NUnitExtension.IterativeTest.Sample.IterativeTestSample.FileNameTest2(C:\test\test3.xml, 1)" executed="True" success="True" time="0.000" asserts="2" />
                          <test-case name="NUnitExtension.IterativeTest.Sample.IterativeTestSample.FileNameTest2(C:\test\test3.xml, 2)" executed="True" success="True" time="0.000" asserts="2" />
                          <test-case name="NUnitExtension.IterativeTest.Sample.IterativeTestSample.FileNameTest2(C:\test\test3.xml, 3)" executed="True" success="True" time="0.000" asserts="2" />
                          <test-case name="NUnitExtension.IterativeTest.Sample.IterativeTestSample.FileNameTest2(C:\test\test3.xml, 4)" executed="True" success="True" time="0.000" asserts="2" />
                          <test-case name="NUnitExtension.IterativeTest.Sample.IterativeTestSample.FileNameTest2(C:\test\test3.xml, 5)" executed="True" success="True" time="0.000" asserts="2" />
                        </results>
                      </test-suite>
                      <test-suite name="FileNameTest3" success="True" time="0.016" asserts="0">
                        <results>
                          <test-case name="NUnitExtension.IterativeTest.Sample.IterativeTestSample.FileNameTest3(C:\test\test1.xml, 1, 1)" executed="True" success="True" time="0.000" asserts="3" />
                          <test-case name="NUnitExtension.IterativeTest.Sample.IterativeTestSample.FileNameTest3(C:\test\test1.xml, 2, 1)" executed="True" success="True" time="0.000" asserts="3" />
                          <test-case name="NUnitExtension.IterativeTest.Sample.IterativeTestSample.FileNameTest3(C:\test\test1.xml, 3, 1)" executed="True" success="True" time="0.000" asserts="3" />
                          <test-case name="NUnitExtension.IterativeTest.Sample.IterativeTestSample.FileNameTest3(C:\test\test1.xml, 4, 1)" executed="True" success="True" time="0.000" asserts="3" />
                          <test-case name="NUnitExtension.IterativeTest.Sample.IterativeTestSample.FileNameTest3(C:\test\test1.xml, 5, 1)" executed="True" success="True" time="0.000" asserts="3" />
                          <test-case name="NUnitExtension.IterativeTest.Sample.IterativeTestSample.FileNameTest3(C:\test\test2.xml, 1, 1)" executed="True" success="True" time="0.000" asserts="3" />
                          <test-case name="NUnitExtension.IterativeTest.Sample.IterativeTestSample.FileNameTest3(C:\test\test2.xml, 2, 1)" executed="True" success="True" time="0.000" asserts="3" />
                          <test-case name="NUnitExtension.IterativeTest.Sample.IterativeTestSample.FileNameTest3(C:\test\test2.xml, 3, 1)" executed="True" success="True" time="0.000" asserts="3" />
                          <test-case name="NUnitExtension.IterativeTest.Sample.IterativeTestSample.FileNameTest3(C:\test\test2.xml, 4, 1)" executed="True" success="True" time="0.000" asserts="3" />
                          <test-case name="NUnitExtension.IterativeTest.Sample.IterativeTestSample.FileNameTest3(C:\test\test2.xml, 5, 1)" executed="True" success="True" time="0.000" asserts="3" />
                          <test-case name="NUnitExtension.IterativeTest.Sample.IterativeTestSample.FileNameTest3(C:\test\test3.xml, 1, 1)" executed="True" success="True" time="0.000" asserts="3" />
                          <test-case name="NUnitExtension.IterativeTest.Sample.IterativeTestSample.FileNameTest3(C:\test\test3.xml, 2, 1)" executed="True" success="True" time="0.000" asserts="3" />
                          <test-case name="NUnitExtension.IterativeTest.Sample.IterativeTestSample.FileNameTest3(C:\test\test3.xml, 3, 1)" executed="True" success="True" time="0.000" asserts="3" />
                          <test-case name="NUnitExtension.IterativeTest.Sample.IterativeTestSample.FileNameTest3(C:\test\test3.xml, 4, 1)" executed="True" success="True" time="0.000" asserts="3" />
                          <test-case name="NUnitExtension.IterativeTest.Sample.IterativeTestSample.FileNameTest3(C:\test\test3.xml, 5, 1)" executed="True" success="True" time="0.000" asserts="3" />
                        </results>
                      </test-suite>
                      <test-suite name="FileNameTest4" success="True" time="0.031" asserts="0">
                        <results>
                          <test-case name="NUnitExtension.IterativeTest.Sample.IterativeTestSample.FileNameTest4(C:\test\test1.xml, 1, 1)" executed="True" success="True" time="0.000" asserts="3" />
                          <test-case name="NUnitExtension.IterativeTest.Sample.IterativeTestSample.FileNameTest4(C:\test\test1.xml, 1, 2)" executed="True" success="True" time="0.000" asserts="3" />
                          <test-case name="NUnitExtension.IterativeTest.Sample.IterativeTestSample.FileNameTest4(C:\test\test1.xml, 1, 3)" executed="True" success="True" time="0.000" asserts="3" />
                          <test-case name="NUnitExtension.IterativeTest.Sample.IterativeTestSample.FileNameTest4(C:\test\test1.xml, 1, 4)" executed="True" success="True" time="0.000" asserts="3" />
                          <test-case name="NUnitExtension.IterativeTest.Sample.IterativeTestSample.FileNameTest4(C:\test\test1.xml, 1, 5)" executed="True" success="True" time="0.000" asserts="3" />
                          <test-case name="NUnitExtension.IterativeTest.Sample.IterativeTestSample.FileNameTest4(C:\test\test2.xml, 1, 1)" executed="True" success="True" time="0.000" asserts="3" />
                          <test-case name="NUnitExtension.IterativeTest.Sample.IterativeTestSample.FileNameTest4(C:\test\test2.xml, 1, 2)" executed="True" success="True" time="0.000" asserts="3" />
                          <test-case name="NUnitExtension.IterativeTest.Sample.IterativeTestSample.FileNameTest4(C:\test\test2.xml, 1, 3)" executed="True" success="True" time="0.000" asserts="3" />
                          <test-case name="NUnitExtension.IterativeTest.Sample.IterativeTestSample.FileNameTest4(C:\test\test2.xml, 1, 4)" executed="True" success="True" time="0.000" asserts="3" />
                          <test-case name="NUnitExtension.IterativeTest.Sample.IterativeTestSample.FileNameTest4(C:\test\test2.xml, 1, 5)" executed="True" success="True" time="0.000" asserts="3" />
                          <test-case name="NUnitExtension.IterativeTest.Sample.IterativeTestSample.FileNameTest4(C:\test\test3.xml, 1, 1)" executed="True" success="True" time="0.000" asserts="3" />
                          <test-case name="NUnitExtension.IterativeTest.Sample.IterativeTestSample.FileNameTest4(C:\test\test3.xml, 1, 2)" executed="True" success="True" time="0.000" asserts="3" />
                          <test-case name="NUnitExtension.IterativeTest.Sample.IterativeTestSample.FileNameTest4(C:\test\test3.xml, 1, 3)" executed="True" success="True" time="0.000" asserts="3" />
                          <test-case name="NUnitExtension.IterativeTest.Sample.IterativeTestSample.FileNameTest4(C:\test\test3.xml, 1, 4)" executed="True" success="True" time="0.000" asserts="3" />
                          <test-case name="NUnitExtension.IterativeTest.Sample.IterativeTestSample.FileNameTest4(C:\test\test3.xml, 1, 5)" executed="True" success="True" time="0.000" asserts="3" />
                        </results>
                      </test-suite>
                      <test-case name="NUnitExtension.IterativeTest.Sample.IterativeTestSample.RegularTest" executed="True" success="True" time="0.000" asserts="1" />
                    </results>
                  </test-suite>
                </results>
              </test-suite>
            </results>
          </test-suite>
        </results>
      </test-suite>
    </results>
  </test-suite>
</test-results>