<?xml version="1.0" encoding="utf-8" standalone="no"?>
<!--This file represents the results of running a test suite-->
<test-results name="C:\Documents and Settings\Owner\My Documents\Nitobi\IE Addons Test\trunk\IterativeTestExtension\IterativeTestExtension\NUnitExtension.IterativeTest.AddIn.UnitTests\Bin\Debug\NUnitExtension.IterativeTest.AddIn.UnitTests.dll" total="9" failures="0" not-run="0" date="2009-04-24" time="11:35:12">
  <environment nunit-version="2.4.8.0" clr-version="2.0.50727.1820" os-version="Microsoft Windows NT 5.1.2600 Service Pack 3" platform="Win32NT" cwd="C:\Documents and Settings\Owner\My Documents\Nitobi\IE Addons Test\trunk\IterativeTestExtension\IterativeTestExtension\NUnitExtension.IterativeTest.AddIn.UnitTests\Bin\Debug" machine-name="D2MDSNH1" user="Owner" user-domain="D2MDSNH1" />
  <culture-info current-culture="en-US" current-uiculture="en-US" />
  <test-suite name="C:\Documents and Settings\Owner\My Documents\Nitobi\IE Addons Test\trunk\IterativeTestExtension\IterativeTestExtension\NUnitExtension.IterativeTest.AddIn.UnitTests\Bin\Debug\NUnitExtension.IterativeTest.AddIn.UnitTests.dll" success="True" time="0.328" asserts="0">
    <results>
      <test-suite name="NUnitExtension" success="True" time="0.328" asserts="0">
        <results>
          <test-suite name="IterativeTest" success="True" time="0.328" asserts="0">
            <results>
              <test-suite name="AddIn" success="True" time="0.328" asserts="0">
                <results>
                  <test-suite name="UnitTests" success="True" time="0.328" asserts="0">
                    <results>
                      <test-suite name="IterativeTestAddinTest" success="True" time="0.313" asserts="0">
                        <results>
                          <test-case name="NUnitExtension.IterativeTest.AddIn.UnitTests.IterativeTestAddinTest.AddinHasCorrectAttribute" executed="True" success="True" time="0.125" asserts="2" />
                          <test-case name="NUnitExtension.IterativeTest.AddIn.UnitTests.IterativeTestAddinTest.BuildFrom_WithParameter" executed="True" success="True" time="0.031" asserts="2" />
                          <test-case name="NUnitExtension.IterativeTest.AddIn.UnitTests.IterativeTestAddinTest.CanBuildFrom_False" executed="True" success="True" time="0.000" asserts="1" />
                          <test-case name="NUnitExtension.IterativeTest.AddIn.UnitTests.IterativeTestAddinTest.CanBuildFrom_True" executed="True" success="True" time="0.000" asserts="1" />
                          <test-case name="NUnitExtension.IterativeTest.AddIn.UnitTests.IterativeTestAddinTest.Install_Failure" executed="True" success="True" time="0.125" asserts="1" />
                          <test-case name="NUnitExtension.IterativeTest.AddIn.UnitTests.IterativeTestAddinTest.Install_Successful" executed="True" success="True" time="0.016" asserts="1" />
                        </results>
                      </test-suite>
                      <test-suite name="IterativeTestCaseTest" success="True" time="0.000" asserts="0">
                        <results>
                          <test-case name="NUnitExtension.IterativeTest.AddIn.UnitTests.IterativeTestCaseTest.Initialize" executed="True" success="True" time="0.000" asserts="3" />
                          <test-case name="NUnitExtension.IterativeTest.AddIn.UnitTests.IterativeTestCaseTest.Initialize_TestName" executed="True" success="True" time="0.000" asserts="2" />
                        </results>
                      </test-suite>
                      <test-suite name="IteratorTestFrameworkTest" success="True" time="0.000" asserts="0">
                        <results>
                          <test-case name="NUnitExtension.IterativeTest.AddIn.UnitTests.IteratorTestFrameworkTest.GetDataSetNames" executed="True" success="True" time="0.000" asserts="1" />
                        </results>
                      </test-suite>
                    </results>
                  </test-suite>
                </results>
              </test-suite>
            </results>
          </test-suite>
        </results>
      </test-suite>
    </results>
  </test-suite>
</test-results>